/*C6*/SET SCHEMA PUBLIC
DELETE FROM BOARD WHERE BOARD_NAME='mainboard'
COMMIT
INSERT INTO BOARD VALUES('mainboard',6,4)
COMMIT
/*C7*/SET SCHEMA PUBLIC
DELETE FROM PIECES WHERE PIECE_NAME='healer'
DELETE FROM PIECES WHERE PIECE_NAME='mage'
DELETE FROM PIECES WHERE PIECE_NAME='paladin'
DELETE FROM PIECES WHERE PIECE_NAME='power'
DELETE FROM PIECES WHERE PIECE_NAME='princess1'
DELETE FROM PIECES WHERE PIECE_NAME='princess2'
DELETE FROM PIECES WHERE PIECE_NAME='ranger'
DELETE FROM PIECES WHERE PIECE_NAME='rogue'
COMMIT
INSERT INTO PIECES VALUES('power',1,5,100)
COMMIT
INSERT INTO PIECES VALUES('healer',2,1,100)
COMMIT
INSERT INTO PIECES VALUES('princess1',2,0,100)
COMMIT
INSERT INTO PIECES VALUES('princess2',2,6,100)
COMMIT
